The target system is: Linux -  - aarch64
The host system is: Linux - 5.15.0-73-generic - x86_64
Compiling the CXX compiler identification source file "CMakeCXXCompilerId.cpp" succeeded.
Compiler: /home/turbox/workspace/Flamingo/RB1_SDK/sysroots/x86_64-qtisdk-linux/usr/bin/aarch64-oe-linux/aarch64-oe-linux-g++ -march=armv8-a+crc;-fstack-protector-strong;-pie;-fPIE;-D_FORTIFY_SOURCE=2;-Wa,--noexecstack;-Wformat;-Wformat-security;-Werror=format-security;--sysroot=/home/turbox/workspace/Flamingo/RB1_SDK/sysroots/aarch64-oe-linux
Build flags: ;;;-O2;;;;-g;-Wa,--noexecstack;-fexpensive-optimizations;;;-frename-registers;-ftree-vectorize;;;-finline-functions;-finline-limit=64;;;-Wno-error=maybe-uninitialized;-Wno-error=unused-result;;;
Id flags:  

The output was:
0


Compilation of the CXX compiler identification source "CMakeCXXCompilerId.cpp" produced "a.out"

The CXX compiler identification is GNU, found in "/home/turbox/workspace/Flamingo/Turbox_LaneDetection/build/CMakeFiles/3.16.5/CompilerIdCXX/a.out"

Determining if the CXX compiler works passed with the following output:
Change Dir: /home/turbox/workspace/Flamingo/Turbox_LaneDetection/build/CMakeFiles/CMakeTmp

Run Build Command(s):/usr/bin/make cmTC_2e5f9/fast && /usr/bin/make -f CMakeFiles/cmTC_2e5f9.dir/build.make CMakeFiles/cmTC_2e5f9.dir/build
make[1]: Entering directory '/home/turbox/workspace/Flamingo/Turbox_LaneDetection/build/CMakeFiles/CMakeTmp'
Building CXX object CMakeFiles/cmTC_2e5f9.dir/testCXXCompiler.cxx.o
/home/turbox/workspace/Flamingo/RB1_SDK/sysroots/x86_64-qtisdk-linux/usr/bin/aarch64-oe-linux/aarch64-oe-linux-g++   -march=armv8-a+crc -fstack-protector-strong -pie -fPIE -D_FORTIFY_SOURCE=2 -Wa,--noexecstack -Wformat -Wformat-security -Werror=format-security --sysroot=/home/turbox/workspace/Flamingo/RB1_SDK/sysroots/aarch64-oe-linux --sysroot=/home/turbox/workspace/Flamingo/RB1_SDK/sysroots/aarch64-oe-linux    -O2    -g -Wa,--noexecstack -fexpensive-optimizations   -frename-registers -ftree-vectorize   -finline-functions -finline-limit=64   -Wno-error=maybe-uninitialized -Wno-error=unused-result       -o CMakeFiles/cmTC_2e5f9.dir/testCXXCompiler.cxx.o -c /home/turbox/workspace/Flamingo/Turbox_LaneDetection/build/CMakeFiles/CMakeTmp/testCXXCompiler.cxx
Linking CXX executable cmTC_2e5f9
/home/turbox/workspace/Flamingo/RB1_SDK/sysroots/x86_64-qtisdk-linux/usr/bin/cmake -E cmake_link_script CMakeFiles/cmTC_2e5f9.dir/link.txt --verbose=1
/home/turbox/workspace/Flamingo/RB1_SDK/sysroots/x86_64-qtisdk-linux/usr/bin/aarch64-oe-linux/aarch64-oe-linux-g++   -march=armv8-a+crc -fstack-protector-strong -pie -fPIE -D_FORTIFY_SOURCE=2 -Wa,--noexecstack -Wformat -Wformat-security -Werror=format-security --sysroot=/home/turbox/workspace/Flamingo/RB1_SDK/sysroots/aarch64-oe-linux --sysroot=/home/turbox/workspace/Flamingo/RB1_SDK/sysroots/aarch64-oe-linux     -O2    -g -Wa,--noexecstack -fexpensive-optimizations   -frename-registers -ftree-vectorize   -finline-functions -finline-limit=64   -Wno-error=maybe-uninitialized -Wno-error=unused-result      -Wl,-O1 -Wl,--hash-style=gnu -Wl,--as-needed -Wl,-z,relro,-z,now,-z,noexecstack  CMakeFiles/cmTC_2e5f9.dir/testCXXCompiler.cxx.o  -o cmTC_2e5f9 
make[1]: Leaving directory '/home/turbox/workspace/Flamingo/Turbox_LaneDetection/build/CMakeFiles/CMakeTmp'



Detecting CXX compiler ABI info compiled with the following output:
Change Dir: /home/turbox/workspace/Flamingo/Turbox_LaneDetection/build/CMakeFiles/CMakeTmp

Run Build Command(s):/usr/bin/make cmTC_05cd1/fast && /usr/bin/make -f CMakeFiles/cmTC_05cd1.dir/build.make CMakeFiles/cmTC_05cd1.dir/build
make[1]: Entering directory '/home/turbox/workspace/Flamingo/Turbox_LaneDetection/build/CMakeFiles/CMakeTmp'
Building CXX object CMakeFiles/cmTC_05cd1.dir/CMakeCXXCompilerABI.cpp.o
/home/turbox/workspace/Flamingo/RB1_SDK/sysroots/x86_64-qtisdk-linux/usr/bin/aarch64-oe-linux/aarch64-oe-linux-g++   -march=armv8-a+crc -fstack-protector-strong -pie -fPIE -D_FORTIFY_SOURCE=2 -Wa,--noexecstack -Wformat -Wformat-security -Werror=format-security --sysroot=/home/turbox/workspace/Flamingo/RB1_SDK/sysroots/aarch64-oe-linux --sysroot=/home/turbox/workspace/Flamingo/RB1_SDK/sysroots/aarch64-oe-linux    -O2    -g -Wa,--noexecstack -fexpensive-optimizations   -frename-registers -ftree-vectorize   -finline-functions -finline-limit=64   -Wno-error=maybe-uninitialized -Wno-error=unused-result       -v -o CMakeFiles/cmTC_05cd1.dir/CMakeCXXCompilerABI.cpp.o -c /home/turbox/workspace/Flamingo/RB1_SDK/sysroots/x86_64-qtisdk-linux/usr/share/cmake-3.16/Modules/CMakeCXXCompilerABI.cpp
Using built-in specs.
COLLECT_GCC=/home/turbox/workspace/Flamingo/RB1_SDK/sysroots/x86_64-qtisdk-linux/usr/bin/aarch64-oe-linux/aarch64-oe-linux-g++
Target: aarch64-oe-linux
Configured with: ../../../../../../work-shared/gcc-9.3.0-r0/gcc-9.3.0/configure --build=x86_64-linux --host=x86_64-qtisdk-linux --target=aarch64-oe-linux --prefix=/usr/local/oe-sdk-hardcoded-buildpath/sysroots/x86_64-qtisdk-linux/usr --exec_prefix=/usr/local/oe-sdk-hardcoded-buildpath/sysroots/x86_64-qtisdk-linux/usr --bindir=/usr/local/oe-sdk-hardcoded-buildpath/sysroots/x86_64-qtisdk-linux/usr/bin/aarch64-oe-linux --sbindir=/usr/local/oe-sdk-hardcoded-buildpath/sysroots/x86_64-qtisdk-linux/usr/bin/aarch64-oe-linux --libexecdir=/usr/local/oe-sdk-hardcoded-buildpath/sysroots/x86_64-qtisdk-linux/usr/libexec/aarch64-oe-linux --datadir=/usr/local/oe-sdk-hardcoded-buildpath/sysroots/x86_64-qtisdk-linux/usr/share --sysconfdir=/usr/local/oe-sdk-hardcoded-buildpath/sysroots/x86_64-qtisdk-linux/etc --sharedstatedir=/usr/local/oe-sdk-hardcoded-buildpath/sysroots/x86_64-qtisdk-linux/com --localstatedir=/usr/local/oe-sdk-hardcoded-buildpath/sysroots/x86_64-qtisdk-linux/var --libdir=/usr/local/oe-sdk-hardcoded-buildpath/sysroots/x86_64-qtisdk-linux/usr/lib/aarch64-oe-linux --includedir=/usr/local/oe-sdk-hardcoded-buildpath/sysroots/x86_64-qtisdk-linux/usr/include --oldincludedir=/usr/local/oe-sdk-hardcoded-buildpath/sysroots/x86_64-qtisdk-linux/usr/include --infodir=/usr/local/oe-sdk-hardcoded-buildpath/sysroots/x86_64-qtisdk-linux/usr/share/info --mandir=/usr/local/oe-sdk-hardcoded-buildpath/sysroots/x86_64-qtisdk-linux/usr/share/man --disable-silent-rules --disable-dependency-tracking --with-libtool-sysroot=/home/turbox/workspace/RB1/LE.UM.5.4.1/apps_proc/build-qti-distro-rb-debug/tmp-glibc/work/x86_64-nativesdk-qtisdk-linux/gcc-cross-canadian-aarch64/9.3.0-r0/recipe-sysroot --with-gnu-ld --enable-shared --enable-languages=c,c++,fortran --enable-threads=posix --enable-multilib --enable-default-pie --enable-c99 --enable-long-long --enable-symvers=gnu --enable-libstdcxx-pch --program-prefix=aarch64-oe-linux- --without-local-prefix --disable-install-libiberty --enable-lto --disable-libssp --enable-libitm --disable-bootstrap --disable-libmudflap --with-system-zlib --with-linker-hash-style=gnu --enable-linker-build-id --with-ppl=no --with-cloog=no --enable-checking=release --enable-cheaders=c_global --without-isl --with-gxx-include-dir=/not/exist/usr/include/c++/9.3.0 --with-build-time-tools=/home/turbox/workspace/RB1/LE.UM.5.4.1/apps_proc/build-qti-distro-rb-debug/tmp-glibc/work/x86_64-nativesdk-qtisdk-linux/gcc-cross-canadian-aarch64/9.3.0-r0/recipe-sysroot-native/usr/aarch64-oe-linux/bin --with-sysroot=/not/exist --with-build-sysroot=/home/turbox/workspace/RB1/LE.UM.5.4.1/apps_proc/build-qti-distro-rb-debug/tmp-glibc/work/x86_64-nativesdk-qtisdk-linux/gcc-cross-canadian-aarch64/9.3.0-r0/recipe-sysroot --enable-poison-system-directories --enable-nls --with-glibc-version=2.28 --enable-initfini-array --enable-__cxa_atexit
Thread model: posix
gcc version 9.3.0 (GCC) 
COLLECT_GCC_OPTIONS='--sysroot=/home/turbox/workspace/Flamingo/RB1_SDK/sysroots/aarch64-oe-linux' '-march=armv8-a+crc' '-fstack-protector-strong' '-pie' '-fPIE' '-D' '_FORTIFY_SOURCE=2' '-Wformat=1' '-Wformat-security' '-Werror=format-security' '-O2' '-g' '-fexpensive-optimizations' '-frename-registers' '-ftree-vectorize' '-finline-functions' '-finline-limit=64' '-Wno-error=maybe-uninitialized' '-Wno-error=unused-result' '-v' '-o' 'CMakeFiles/cmTC_05cd1.dir/CMakeCXXCompilerABI.cpp.o' '-c' '-shared-libgcc' '-mlittle-endian' '-mabi=lp64'
 /home/turbox/workspace/Flamingo/RB1_SDK/sysroots/x86_64-qtisdk-linux/usr/libexec/aarch64-oe-linux/gcc/aarch64-oe-linux/9.3.0/cc1plus -quiet -v -isysroot /home/turbox/workspace/Flamingo/RB1_SDK/sysroots/aarch64-oe-linux -D_GNU_SOURCE -D _FORTIFY_SOURCE=2 /home/turbox/workspace/Flamingo/RB1_SDK/sysroots/x86_64-qtisdk-linux/usr/share/cmake-3.16/Modules/CMakeCXXCompilerABI.cpp -quiet -dumpbase CMakeCXXCompilerABI.cpp -march=armv8-a+crc -mlittle-endian -mabi=lp64 -auxbase-strip CMakeFiles/cmTC_05cd1.dir/CMakeCXXCompilerABI.cpp.o -g -O2 -Wformat=1 -Wformat-security -Werror=format-security -Wno-error=maybe-uninitialized -Wno-error=unused-result -version -fstack-protector-strong -fPIE -fexpensive-optimizations -frename-registers -ftree-vectorize -finline-functions -finline-limit=64 -o /tmp/ccmVMoWw.s
GNU C++14 (GCC) version 9.3.0 (aarch64-oe-linux)
	compiled by GNU C version 9.3.0, GMP version 6.2.0, MPFR version 4.0.2, MPC version 1.1.0, isl version none
GGC heuristics: --param ggc-min-expand=100 --param ggc-min-heapsize=131072
ignoring nonexistent directory "/home/turbox/workspace/Flamingo/RB1_SDK/sysroots/aarch64-oe-linux/usr/local/include"
ignoring nonexistent directory "/home/turbox/workspace/Flamingo/RB1_SDK/sysroots/x86_64-qtisdk-linux/usr/lib/aarch64-oe-linux/gcc/aarch64-oe-linux/9.3.0/../../../../../aarch64-oe-linux/include"
#include "..." search starts here:
#include <...> search starts here:
 /home/turbox/workspace/Flamingo/RB1_SDK/sysroots/aarch64-oe-linux/usr/include/c++/9.3.0
 /home/turbox/workspace/Flamingo/RB1_SDK/sysroots/aarch64-oe-linux/usr/include/c++/9.3.0/aarch64-oe-linux
 /home/turbox/workspace/Flamingo/RB1_SDK/sysroots/aarch64-oe-linux/usr/include/c++/9.3.0/backward
 /home/turbox/workspace/Flamingo/RB1_SDK/sysroots/x86_64-qtisdk-linux/usr/lib/aarch64-oe-linux/gcc/aarch64-oe-linux/9.3.0/include
 /home/turbox/workspace/Flamingo/RB1_SDK/sysroots/aarch64-oe-linux/usr/lib/aarch64-oe-linux/9.3.0/include
 /home/turbox/workspace/Flamingo/RB1_SDK/sysroots/x86_64-qtisdk-linux/usr/lib/aarch64-oe-linux/gcc/aarch64-oe-linux/9.3.0/include-fixed
 /home/turbox/workspace/Flamingo/RB1_SDK/sysroots/aarch64-oe-linux/usr/include/
End of search list.
GNU C++14 (GCC) version 9.3.0 (aarch64-oe-linux)
	compiled by GNU C version 9.3.0, GMP version 6.2.0, MPFR version 4.0.2, MPC version 1.1.0, isl version none
GGC heuristics: --param ggc-min-expand=100 --param ggc-min-heapsize=131072
Compiler executable checksum: 82dd9e674744a9755c05d1e857452e7c
COLLECT_GCC_OPTIONS='--sysroot=/home/turbox/workspace/Flamingo/RB1_SDK/sysroots/aarch64-oe-linux' '-march=armv8-a+crc' '-fstack-protector-strong' '-pie' '-fPIE' '-D' '_FORTIFY_SOURCE=2' '-Wformat=1' '-Wformat-security' '-Werror=format-security' '-O2' '-g' '-fexpensive-optimizations' '-frename-registers' '-ftree-vectorize' '-finline-functions' '-finline-limit=64' '-Wno-error=maybe-uninitialized' '-Wno-error=unused-result' '-v' '-o' 'CMakeFiles/cmTC_05cd1.dir/CMakeCXXCompilerABI.cpp.o' '-c' '-shared-libgcc' '-mlittle-endian' '-mabi=lp64'
 /home/turbox/workspace/Flamingo/RB1_SDK/sysroots/x86_64-qtisdk-linux/usr/libexec/aarch64-oe-linux/gcc/aarch64-oe-linux/9.3.0/as -v -EL -march=armv8-a+crc -mabi=lp64 --noexecstack --noexecstack -o CMakeFiles/cmTC_05cd1.dir/CMakeCXXCompilerABI.cpp.o /tmp/ccmVMoWw.s
GNU assembler version 2.34.0 (aarch64-oe-linux) using BFD version (GNU Binutils) 2.34.0.20200220
COMPILER_PATH=/home/turbox/workspace/Flamingo/RB1_SDK/sysroots/x86_64-qtisdk-linux/usr/libexec/aarch64-oe-linux/gcc/aarch64-oe-linux/9.3.0/:/home/turbox/workspace/Flamingo/RB1_SDK/sysroots/x86_64-qtisdk-linux/usr/libexec/aarch64-oe-linux/gcc/aarch64-oe-linux/9.3.0/:/home/turbox/workspace/Flamingo/RB1_SDK/sysroots/x86_64-qtisdk-linux/usr/libexec/aarch64-oe-linux/gcc/aarch64-oe-linux/:/home/turbox/workspace/Flamingo/RB1_SDK/sysroots/x86_64-qtisdk-linux/usr/lib/aarch64-oe-linux/gcc/aarch64-oe-linux/9.3.0/:/home/turbox/workspace/Flamingo/RB1_SDK/sysroots/x86_64-qtisdk-linux/usr/lib/aarch64-oe-linux/gcc/aarch64-oe-linux/
LIBRARY_PATH=/home/turbox/workspace/Flamingo/RB1_SDK/sysroots/x86_64-qtisdk-linux/usr/lib/aarch64-oe-linux/gcc/aarch64-oe-linux/9.3.0/:/home/turbox/workspace/Flamingo/RB1_SDK/sysroots/aarch64-oe-linux/lib/:/home/turbox/workspace/Flamingo/RB1_SDK/sysroots/aarch64-oe-linux/usr/lib/aarch64-oe-linux/9.3.0/:/home/turbox/workspace/Flamingo/RB1_SDK/sysroots/aarch64-oe-linux/usr/lib/
COLLECT_GCC_OPTIONS='--sysroot=/home/turbox/workspace/Flamingo/RB1_SDK/sysroots/aarch64-oe-linux' '-march=armv8-a+crc' '-fstack-protector-strong' '-pie' '-fPIE' '-D' '_FORTIFY_SOURCE=2' '-Wformat=1' '-Wformat-security' '-Werror=format-security' '-O2' '-g' '-fexpensive-optimizations' '-frename-registers' '-ftree-vectorize' '-finline-functions' '-finline-limit=64' '-Wno-error=maybe-uninitialized' '-Wno-error=unused-result' '-v' '-o' 'CMakeFiles/cmTC_05cd1.dir/CMakeCXXCompilerABI.cpp.o' '-c' '-shared-libgcc' '-mlittle-endian' '-mabi=lp64'
Linking CXX executable cmTC_05cd1
/home/turbox/workspace/Flamingo/RB1_SDK/sysroots/x86_64-qtisdk-linux/usr/bin/cmake -E cmake_link_script CMakeFiles/cmTC_05cd1.dir/link.txt --verbose=1
/home/turbox/workspace/Flamingo/RB1_SDK/sysroots/x86_64-qtisdk-linux/usr/bin/aarch64-oe-linux/aarch64-oe-linux-g++   -march=armv8-a+crc -fstack-protector-strong -pie -fPIE -D_FORTIFY_SOURCE=2 -Wa,--noexecstack -Wformat -Wformat-security -Werror=format-security --sysroot=/home/turbox/workspace/Flamingo/RB1_SDK/sysroots/aarch64-oe-linux --sysroot=/home/turbox/workspace/Flamingo/RB1_SDK/sysroots/aarch64-oe-linux     -O2    -g -Wa,--noexecstack -fexpensive-optimizations   -frename-registers -ftree-vectorize   -finline-functions -finline-limit=64   -Wno-error=maybe-uninitialized -Wno-error=unused-result      -Wl,-O1 -Wl,--hash-style=gnu -Wl,--as-needed -Wl,-z,relro,-z,now,-z,noexecstack -v CMakeFiles/cmTC_05cd1.dir/CMakeCXXCompilerABI.cpp.o  -o cmTC_05cd1 
Using built-in specs.
COLLECT_GCC=/home/turbox/workspace/Flamingo/RB1_SDK/sysroots/x86_64-qtisdk-linux/usr/bin/aarch64-oe-linux/aarch64-oe-linux-g++
COLLECT_LTO_WRAPPER=/home/turbox/workspace/Flamingo/RB1_SDK/sysroots/x86_64-qtisdk-linux/usr/libexec/aarch64-oe-linux/gcc/aarch64-oe-linux/9.3.0/lto-wrapper
Target: aarch64-oe-linux
Configured with: ../../../../../../work-shared/gcc-9.3.0-r0/gcc-9.3.0/configure --build=x86_64-linux --host=x86_64-qtisdk-linux --target=aarch64-oe-linux --prefix=/usr/local/oe-sdk-hardcoded-buildpath/sysroots/x86_64-qtisdk-linux/usr --exec_prefix=/usr/local/oe-sdk-hardcoded-buildpath/sysroots/x86_64-qtisdk-linux/usr --bindir=/usr/local/oe-sdk-hardcoded-buildpath/sysroots/x86_64-qtisdk-linux/usr/bin/aarch64-oe-linux --sbindir=/usr/local/oe-sdk-hardcoded-buildpath/sysroots/x86_64-qtisdk-linux/usr/bin/aarch64-oe-linux --libexecdir=/usr/local/oe-sdk-hardcoded-buildpath/sysroots/x86_64-qtisdk-linux/usr/libexec/aarch64-oe-linux --datadir=/usr/local/oe-sdk-hardcoded-buildpath/sysroots/x86_64-qtisdk-linux/usr/share --sysconfdir=/usr/local/oe-sdk-hardcoded-buildpath/sysroots/x86_64-qtisdk-linux/etc --sharedstatedir=/usr/local/oe-sdk-hardcoded-buildpath/sysroots/x86_64-qtisdk-linux/com --localstatedir=/usr/local/oe-sdk-hardcoded-buildpath/sysroots/x86_64-qtisdk-linux/var --libdir=/usr/local/oe-sdk-hardcoded-buildpath/sysroots/x86_64-qtisdk-linux/usr/lib/aarch64-oe-linux --includedir=/usr/local/oe-sdk-hardcoded-buildpath/sysroots/x86_64-qtisdk-linux/usr/include --oldincludedir=/usr/local/oe-sdk-hardcoded-buildpath/sysroots/x86_64-qtisdk-linux/usr/include --infodir=/usr/local/oe-sdk-hardcoded-buildpath/sysroots/x86_64-qtisdk-linux/usr/share/info --mandir=/usr/local/oe-sdk-hardcoded-buildpath/sysroots/x86_64-qtisdk-linux/usr/share/man --disable-silent-rules --disable-dependency-tracking --with-libtool-sysroot=/home/turbox/workspace/RB1/LE.UM.5.4.1/apps_proc/build-qti-distro-rb-debug/tmp-glibc/work/x86_64-nativesdk-qtisdk-linux/gcc-cross-canadian-aarch64/9.3.0-r0/recipe-sysroot --with-gnu-ld --enable-shared --enable-languages=c,c++,fortran --enable-threads=posix --enable-multilib --enable-default-pie --enable-c99 --enable-long-long --enable-symvers=gnu --enable-libstdcxx-pch --program-prefix=aarch64-oe-linux- --without-local-prefix --disable-install-libiberty --enable-lto --disable-libssp --enable-libitm --disable-bootstrap --disable-libmudflap --with-system-zlib --with-linker-hash-style=gnu --enable-linker-build-id --with-ppl=no --with-cloog=no --enable-checking=release --enable-cheaders=c_global --without-isl --with-gxx-include-dir=/not/exist/usr/include/c++/9.3.0 --with-build-time-tools=/home/turbox/workspace/RB1/LE.UM.5.4.1/apps_proc/build-qti-distro-rb-debug/tmp-glibc/work/x86_64-nativesdk-qtisdk-linux/gcc-cross-canadian-aarch64/9.3.0-r0/recipe-sysroot-native/usr/aarch64-oe-linux/bin --with-sysroot=/not/exist --with-build-sysroot=/home/turbox/workspace/RB1/LE.UM.5.4.1/apps_proc/build-qti-distro-rb-debug/tmp-glibc/work/x86_64-nativesdk-qtisdk-linux/gcc-cross-canadian-aarch64/9.3.0-r0/recipe-sysroot --enable-poison-system-directories --enable-nls --with-glibc-version=2.28 --enable-initfini-array --enable-__cxa_atexit
Thread model: posix
gcc version 9.3.0 (GCC) 
COMPILER_PATH=/home/turbox/workspace/Flamingo/RB1_SDK/sysroots/x86_64-qtisdk-linux/usr/libexec/aarch64-oe-linux/gcc/aarch64-oe-linux/9.3.0/:/home/turbox/workspace/Flamingo/RB1_SDK/sysroots/x86_64-qtisdk-linux/usr/libexec/aarch64-oe-linux/gcc/aarch64-oe-linux/9.3.0/:/home/turbox/workspace/Flamingo/RB1_SDK/sysroots/x86_64-qtisdk-linux/usr/libexec/aarch64-oe-linux/gcc/aarch64-oe-linux/:/home/turbox/workspace/Flamingo/RB1_SDK/sysroots/x86_64-qtisdk-linux/usr/lib/aarch64-oe-linux/gcc/aarch64-oe-linux/9.3.0/:/home/turbox/workspace/Flamingo/RB1_SDK/sysroots/x86_64-qtisdk-linux/usr/lib/aarch64-oe-linux/gcc/aarch64-oe-linux/
LIBRARY_PATH=/home/turbox/workspace/Flamingo/RB1_SDK/sysroots/x86_64-qtisdk-linux/usr/lib/aarch64-oe-linux/gcc/aarch64-oe-linux/9.3.0/:/home/turbox/workspace/Flamingo/RB1_SDK/sysroots/aarch64-oe-linux/lib/:/home/turbox/workspace/Flamingo/RB1_SDK/sysroots/aarch64-oe-linux/usr/lib/aarch64-oe-linux/9.3.0/:/home/turbox/workspace/Flamingo/RB1_SDK/sysroots/aarch64-oe-linux/usr/lib/
COLLECT_GCC_OPTIONS='--sysroot=/home/turbox/workspace/Flamingo/RB1_SDK/sysroots/aarch64-oe-linux' '-march=armv8-a+crc' '-fstack-protector-strong' '-pie' '-fPIE' '-D' '_FORTIFY_SOURCE=2' '-Wformat=1' '-Wformat-security' '-Werror=format-security' '-O2' '-g' '-fexpensive-optimizations' '-frename-registers' '-ftree-vectorize' '-finline-functions' '-finline-limit=64' '-Wno-error=maybe-uninitialized' '-Wno-error=unused-result' '-v' '-o' 'cmTC_05cd1' '-shared-libgcc' '-mlittle-endian' '-mabi=lp64'
 /home/turbox/workspace/Flamingo/RB1_SDK/sysroots/x86_64-qtisdk-linux/usr/libexec/aarch64-oe-linux/gcc/aarch64-oe-linux/9.3.0/collect2 -plugin /home/turbox/workspace/Flamingo/RB1_SDK/sysroots/x86_64-qtisdk-linux/usr/libexec/aarch64-oe-linux/gcc/aarch64-oe-linux/9.3.0/liblto_plugin.so -plugin-opt=/home/turbox/workspace/Flamingo/RB1_SDK/sysroots/x86_64-qtisdk-linux/usr/libexec/aarch64-oe-linux/gcc/aarch64-oe-linux/9.3.0/lto-wrapper -plugin-opt=-fresolution=/tmp/cceJoAKV.res -plugin-opt=-pass-through=-lgcc_s -plugin-opt=-pass-through=-lgcc -plugin-opt=-pass-through=-lc -plugin-opt=-pass-through=-lgcc_s -plugin-opt=-pass-through=-lgcc --sysroot=/home/turbox/workspace/Flamingo/RB1_SDK/sysroots/aarch64-oe-linux --build-id --eh-frame-hdr --hash-style=gnu -dynamic-linker /lib/ld-linux-aarch64.so.1 -X -EL -maarch64linux -pie -o cmTC_05cd1 /home/turbox/workspace/Flamingo/RB1_SDK/sysroots/aarch64-oe-linux/usr/lib/Scrt1.o /home/turbox/workspace/Flamingo/RB1_SDK/sysroots/aarch64-oe-linux/usr/lib/crti.o /home/turbox/workspace/Flamingo/RB1_SDK/sysroots/aarch64-oe-linux/usr/lib/aarch64-oe-linux/9.3.0/crtbeginS.o -L/home/turbox/workspace/Flamingo/RB1_SDK/sysroots/x86_64-qtisdk-linux/usr/lib/aarch64-oe-linux/gcc/aarch64-oe-linux/9.3.0 -L/home/turbox/workspace/Flamingo/RB1_SDK/sysroots/aarch64-oe-linux/lib -L/home/turbox/workspace/Flamingo/RB1_SDK/sysroots/aarch64-oe-linux/usr/lib/aarch64-oe-linux/9.3.0 -L/home/turbox/workspace/Flamingo/RB1_SDK/sysroots/aarch64-oe-linux/usr/lib -O1 --hash-style=gnu --as-needed -z relro -z now -z noexecstack CMakeFiles/cmTC_05cd1.dir/CMakeCXXCompilerABI.cpp.o -lstdc++ -lm -lgcc_s -lgcc -lc -lgcc_s -lgcc /home/turbox/workspace/Flamingo/RB1_SDK/sysroots/aarch64-oe-linux/usr/lib/aarch64-oe-linux/9.3.0/crtendS.o /home/turbox/workspace/Flamingo/RB1_SDK/sysroots/aarch64-oe-linux/usr/lib/crtn.o
COLLECT_GCC_OPTIONS='--sysroot=/home/turbox/workspace/Flamingo/RB1_SDK/sysroots/aarch64-oe-linux' '-march=armv8-a+crc' '-fstack-protector-strong' '-pie' '-fPIE' '-D' '_FORTIFY_SOURCE=2' '-Wformat=1' '-Wformat-security' '-Werror=format-security' '-O2' '-g' '-fexpensive-optimizations' '-frename-registers' '-ftree-vectorize' '-finline-functions' '-finline-limit=64' '-Wno-error=maybe-uninitialized' '-Wno-error=unused-result' '-v' '-o' 'cmTC_05cd1' '-shared-libgcc' '-mlittle-endian' '-mabi=lp64'
make[1]: Leaving directory '/home/turbox/workspace/Flamingo/Turbox_LaneDetection/build/CMakeFiles/CMakeTmp'



Parsed CXX implicit include dir info from above output: rv=done
  found start of include info
  found start of implicit include info
    add: [/home/turbox/workspace/Flamingo/RB1_SDK/sysroots/aarch64-oe-linux/usr/include/c++/9.3.0]
    add: [/home/turbox/workspace/Flamingo/RB1_SDK/sysroots/aarch64-oe-linux/usr/include/c++/9.3.0/aarch64-oe-linux]
    add: [/home/turbox/workspace/Flamingo/RB1_SDK/sysroots/aarch64-oe-linux/usr/include/c++/9.3.0/backward]
    add: [/home/turbox/workspace/Flamingo/RB1_SDK/sysroots/x86_64-qtisdk-linux/usr/lib/aarch64-oe-linux/gcc/aarch64-oe-linux/9.3.0/include]
    add: [/home/turbox/workspace/Flamingo/RB1_SDK/sysroots/aarch64-oe-linux/usr/lib/aarch64-oe-linux/9.3.0/include]
    add: [/home/turbox/workspace/Flamingo/RB1_SDK/sysroots/x86_64-qtisdk-linux/usr/lib/aarch64-oe-linux/gcc/aarch64-oe-linux/9.3.0/include-fixed]
    add: [/home/turbox/workspace/Flamingo/RB1_SDK/sysroots/aarch64-oe-linux/usr/include/]
  end of search list found
  collapse include dir [/home/turbox/workspace/Flamingo/RB1_SDK/sysroots/aarch64-oe-linux/usr/include/c++/9.3.0] ==> [/home/turbox/workspace/Flamingo/RB1_SDK/sysroots/aarch64-oe-linux/usr/include/c++/9.3.0]
  collapse include dir [/home/turbox/workspace/Flamingo/RB1_SDK/sysroots/aarch64-oe-linux/usr/include/c++/9.3.0/aarch64-oe-linux] ==> [/home/turbox/workspace/Flamingo/RB1_SDK/sysroots/aarch64-oe-linux/usr/include/c++/9.3.0/aarch64-oe-linux]
  collapse include dir [/home/turbox/workspace/Flamingo/RB1_SDK/sysroots/aarch64-oe-linux/usr/include/c++/9.3.0/backward] ==> [/home/turbox/workspace/Flamingo/RB1_SDK/sysroots/aarch64-oe-linux/usr/include/c++/9.3.0/backward]
  collapse include dir [/home/turbox/workspace/Flamingo/RB1_SDK/sysroots/x86_64-qtisdk-linux/usr/lib/aarch64-oe-linux/gcc/aarch64-oe-linux/9.3.0/include] ==> [/home/turbox/workspace/Flamingo/RB1_SDK/sysroots/x86_64-qtisdk-linux/usr/lib/aarch64-oe-linux/gcc/aarch64-oe-linux/9.3.0/include]
  collapse include dir [/home/turbox/workspace/Flamingo/RB1_SDK/sysroots/aarch64-oe-linux/usr/lib/aarch64-oe-linux/9.3.0/include] ==> [/home/turbox/workspace/Flamingo/RB1_SDK/sysroots/aarch64-oe-linux/usr/lib/aarch64-oe-linux/9.3.0/include]
  collapse include dir [/home/turbox/workspace/Flamingo/RB1_SDK/sysroots/x86_64-qtisdk-linux/usr/lib/aarch64-oe-linux/gcc/aarch64-oe-linux/9.3.0/include-fixed] ==> [/home/turbox/workspace/Flamingo/RB1_SDK/sysroots/x86_64-qtisdk-linux/usr/lib/aarch64-oe-linux/gcc/aarch64-oe-linux/9.3.0/include-fixed]
  collapse include dir [/home/turbox/workspace/Flamingo/RB1_SDK/sysroots/aarch64-oe-linux/usr/include/] ==> [/home/turbox/workspace/Flamingo/RB1_SDK/sysroots/aarch64-oe-linux/usr/include]
  implicit include dirs: [/home/turbox/workspace/Flamingo/RB1_SDK/sysroots/aarch64-oe-linux/usr/include/c++/9.3.0;/home/turbox/workspace/Flamingo/RB1_SDK/sysroots/aarch64-oe-linux/usr/include/c++/9.3.0/aarch64-oe-linux;/home/turbox/workspace/Flamingo/RB1_SDK/sysroots/aarch64-oe-linux/usr/include/c++/9.3.0/backward;/home/turbox/workspace/Flamingo/RB1_SDK/sysroots/x86_64-qtisdk-linux/usr/lib/aarch64-oe-linux/gcc/aarch64-oe-linux/9.3.0/include;/home/turbox/workspace/Flamingo/RB1_SDK/sysroots/aarch64-oe-linux/usr/lib/aarch64-oe-linux/9.3.0/include;/home/turbox/workspace/Flamingo/RB1_SDK/sysroots/x86_64-qtisdk-linux/usr/lib/aarch64-oe-linux/gcc/aarch64-oe-linux/9.3.0/include-fixed;/home/turbox/workspace/Flamingo/RB1_SDK/sysroots/aarch64-oe-linux/usr/include]


Parsed CXX implicit link information from above output:
  link line regex: [^( *|.*[/\])(aarch64-oe-linux-ld|CMAKE_LINK_STARTFILE-NOTFOUND|([^/\]+-)?ld|collect2)[^/\]*( |$)]
  ignore line: [Change Dir: /home/turbox/workspace/Flamingo/Turbox_LaneDetection/build/CMakeFiles/CMakeTmp]
  ignore line: []
  ignore line: [Run Build Command(s):/usr/bin/make cmTC_05cd1/fast && /usr/bin/make -f CMakeFiles/cmTC_05cd1.dir/build.make CMakeFiles/cmTC_05cd1.dir/build]
  ignore line: [make[1]: Entering directory '/home/turbox/workspace/Flamingo/Turbox_LaneDetection/build/CMakeFiles/CMakeTmp']
  ignore line: [Building CXX object CMakeFiles/cmTC_05cd1.dir/CMakeCXXCompilerABI.cpp.o]
  ignore line: [/home/turbox/workspace/Flamingo/RB1_SDK/sysroots/x86_64-qtisdk-linux/usr/bin/aarch64-oe-linux/aarch64-oe-linux-g++   -march=armv8-a+crc -fstack-protector-strong -pie -fPIE -D_FORTIFY_SOURCE=2 -Wa --noexecstack -Wformat -Wformat-security -Werror=format-security --sysroot=/home/turbox/workspace/Flamingo/RB1_SDK/sysroots/aarch64-oe-linux --sysroot=/home/turbox/workspace/Flamingo/RB1_SDK/sysroots/aarch64-oe-linux    -O2    -g -Wa --noexecstack -fexpensive-optimizations   -frename-registers -ftree-vectorize   -finline-functions -finline-limit=64   -Wno-error=maybe-uninitialized -Wno-error=unused-result       -v -o CMakeFiles/cmTC_05cd1.dir/CMakeCXXCompilerABI.cpp.o -c /home/turbox/workspace/Flamingo/RB1_SDK/sysroots/x86_64-qtisdk-linux/usr/share/cmake-3.16/Modules/CMakeCXXCompilerABI.cpp]
  ignore line: [Using built-in specs.]
  ignore line: [COLLECT_GCC=/home/turbox/workspace/Flamingo/RB1_SDK/sysroots/x86_64-qtisdk-linux/usr/bin/aarch64-oe-linux/aarch64-oe-linux-g++]
  ignore line: [Target: aarch64-oe-linux]
  ignore line: [Configured with: ../../../../../../work-shared/gcc-9.3.0-r0/gcc-9.3.0/configure --build=x86_64-linux --host=x86_64-qtisdk-linux --target=aarch64-oe-linux --prefix=/usr/local/oe-sdk-hardcoded-buildpath/sysroots/x86_64-qtisdk-linux/usr --exec_prefix=/usr/local/oe-sdk-hardcoded-buildpath/sysroots/x86_64-qtisdk-linux/usr --bindir=/usr/local/oe-sdk-hardcoded-buildpath/sysroots/x86_64-qtisdk-linux/usr/bin/aarch64-oe-linux --sbindir=/usr/local/oe-sdk-hardcoded-buildpath/sysroots/x86_64-qtisdk-linux/usr/bin/aarch64-oe-linux --libexecdir=/usr/local/oe-sdk-hardcoded-buildpath/sysroots/x86_64-qtisdk-linux/usr/libexec/aarch64-oe-linux --datadir=/usr/local/oe-sdk-hardcoded-buildpath/sysroots/x86_64-qtisdk-linux/usr/share --sysconfdir=/usr/local/oe-sdk-hardcoded-buildpath/sysroots/x86_64-qtisdk-linux/etc --sharedstatedir=/usr/local/oe-sdk-hardcoded-buildpath/sysroots/x86_64-qtisdk-linux/com --localstatedir=/usr/local/oe-sdk-hardcoded-buildpath/sysroots/x86_64-qtisdk-linux/var --libdir=/usr/local/oe-sdk-hardcoded-buildpath/sysroots/x86_64-qtisdk-linux/usr/lib/aarch64-oe-linux --includedir=/usr/local/oe-sdk-hardcoded-buildpath/sysroots/x86_64-qtisdk-linux/usr/include --oldincludedir=/usr/local/oe-sdk-hardcoded-buildpath/sysroots/x86_64-qtisdk-linux/usr/include --infodir=/usr/local/oe-sdk-hardcoded-buildpath/sysroots/x86_64-qtisdk-linux/usr/share/info --mandir=/usr/local/oe-sdk-hardcoded-buildpath/sysroots/x86_64-qtisdk-linux/usr/share/man --disable-silent-rules --disable-dependency-tracking --with-libtool-sysroot=/home/turbox/workspace/RB1/LE.UM.5.4.1/apps_proc/build-qti-distro-rb-debug/tmp-glibc/work/x86_64-nativesdk-qtisdk-linux/gcc-cross-canadian-aarch64/9.3.0-r0/recipe-sysroot --with-gnu-ld --enable-shared --enable-languages=c,c++,fortran --enable-threads=posix --enable-multilib --enable-default-pie --enable-c99 --enable-long-long --enable-symvers=gnu --enable-libstdcxx-pch --program-prefix=aarch64-oe-linux- --without-local-prefix --disable-install-libiberty --enable-lto --disable-libssp --enable-libitm --disable-bootstrap --disable-libmudflap --with-system-zlib --with-linker-hash-style=gnu --enable-linker-build-id --with-ppl=no --with-cloog=no --enable-checking=release --enable-cheaders=c_global --without-isl --with-gxx-include-dir=/not/exist/usr/include/c++/9.3.0 --with-build-time-tools=/home/turbox/workspace/RB1/LE.UM.5.4.1/apps_proc/build-qti-distro-rb-debug/tmp-glibc/work/x86_64-nativesdk-qtisdk-linux/gcc-cross-canadian-aarch64/9.3.0-r0/recipe-sysroot-native/usr/aarch64-oe-linux/bin --with-sysroot=/not/exist --with-build-sysroot=/home/turbox/workspace/RB1/LE.UM.5.4.1/apps_proc/build-qti-distro-rb-debug/tmp-glibc/work/x86_64-nativesdk-qtisdk-linux/gcc-cross-canadian-aarch64/9.3.0-r0/recipe-sysroot --enable-poison-system-directories --enable-nls --with-glibc-version=2.28 --enable-initfini-array --enable-__cxa_atexit]
  ignore line: [Thread model: posix]
  ignore line: [gcc version 9.3.0 (GCC) ]
  ignore line: [COLLECT_GCC_OPTIONS='--sysroot=/home/turbox/workspace/Flamingo/RB1_SDK/sysroots/aarch64-oe-linux' '-march=armv8-a+crc' '-fstack-protector-strong' '-pie' '-fPIE' '-D' '_FORTIFY_SOURCE=2' '-Wformat=1' '-Wformat-security' '-Werror=format-security' '-O2' '-g' '-fexpensive-optimizations' '-frename-registers' '-ftree-vectorize' '-finline-functions' '-finline-limit=64' '-Wno-error=maybe-uninitialized' '-Wno-error=unused-result' '-v' '-o' 'CMakeFiles/cmTC_05cd1.dir/CMakeCXXCompilerABI.cpp.o' '-c' '-shared-libgcc' '-mlittle-endian' '-mabi=lp64']
  ignore line: [ /home/turbox/workspace/Flamingo/RB1_SDK/sysroots/x86_64-qtisdk-linux/usr/libexec/aarch64-oe-linux/gcc/aarch64-oe-linux/9.3.0/cc1plus -quiet -v -isysroot /home/turbox/workspace/Flamingo/RB1_SDK/sysroots/aarch64-oe-linux -D_GNU_SOURCE -D _FORTIFY_SOURCE=2 /home/turbox/workspace/Flamingo/RB1_SDK/sysroots/x86_64-qtisdk-linux/usr/share/cmake-3.16/Modules/CMakeCXXCompilerABI.cpp -quiet -dumpbase CMakeCXXCompilerABI.cpp -march=armv8-a+crc -mlittle-endian -mabi=lp64 -auxbase-strip CMakeFiles/cmTC_05cd1.dir/CMakeCXXCompilerABI.cpp.o -g -O2 -Wformat=1 -Wformat-security -Werror=format-security -Wno-error=maybe-uninitialized -Wno-error=unused-result -version -fstack-protector-strong -fPIE -fexpensive-optimizations -frename-registers -ftree-vectorize -finline-functions -finline-limit=64 -o /tmp/ccmVMoWw.s]
  ignore line: [GNU C++14 (GCC) version 9.3.0 (aarch64-oe-linux)]
  ignore line: [	compiled by GNU C version 9.3.0  GMP version 6.2.0  MPFR version 4.0.2  MPC version 1.1.0  isl version none]
  ignore line: [GGC heuristics: --param ggc-min-expand=100 --param ggc-min-heapsize=131072]
  ignore line: [ignoring nonexistent directory "/home/turbox/workspace/Flamingo/RB1_SDK/sysroots/aarch64-oe-linux/usr/local/include"]
  ignore line: [ignoring nonexistent directory "/home/turbox/workspace/Flamingo/RB1_SDK/sysroots/x86_64-qtisdk-linux/usr/lib/aarch64-oe-linux/gcc/aarch64-oe-linux/9.3.0/../../../../../aarch64-oe-linux/include"]
  ignore line: [#include "..." search starts here:]
  ignore line: [#include <...> search starts here:]
  ignore line: [ /home/turbox/workspace/Flamingo/RB1_SDK/sysroots/aarch64-oe-linux/usr/include/c++/9.3.0]
  ignore line: [ /home/turbox/workspace/Flamingo/RB1_SDK/sysroots/aarch64-oe-linux/usr/include/c++/9.3.0/aarch64-oe-linux]
  ignore line: [ /home/turbox/workspace/Flamingo/RB1_SDK/sysroots/aarch64-oe-linux/usr/include/c++/9.3.0/backward]
  ignore line: [ /home/turbox/workspace/Flamingo/RB1_SDK/sysroots/x86_64-qtisdk-linux/usr/lib/aarch64-oe-linux/gcc/aarch64-oe-linux/9.3.0/include]
  ignore line: [ /home/turbox/workspace/Flamingo/RB1_SDK/sysroots/aarch64-oe-linux/usr/lib/aarch64-oe-linux/9.3.0/include]
  ignore line: [ /home/turbox/workspace/Flamingo/RB1_SDK/sysroots/x86_64-qtisdk-linux/usr/lib/aarch64-oe-linux/gcc/aarch64-oe-linux/9.3.0/include-fixed]
  ignore line: [ /home/turbox/workspace/Flamingo/RB1_SDK/sysroots/aarch64-oe-linux/usr/include/]
  ignore line: [End of search list.]
  ignore line: [GNU C++14 (GCC) version 9.3.0 (aarch64-oe-linux)]
  ignore line: [	compiled by GNU C version 9.3.0  GMP version 6.2.0  MPFR version 4.0.2  MPC version 1.1.0  isl version none]
  ignore line: [GGC heuristics: --param ggc-min-expand=100 --param ggc-min-heapsize=131072]
  ignore line: [Compiler executable checksum: 82dd9e674744a9755c05d1e857452e7c]
  ignore line: [COLLECT_GCC_OPTIONS='--sysroot=/home/turbox/workspace/Flamingo/RB1_SDK/sysroots/aarch64-oe-linux' '-march=armv8-a+crc' '-fstack-protector-strong' '-pie' '-fPIE' '-D' '_FORTIFY_SOURCE=2' '-Wformat=1' '-Wformat-security' '-Werror=format-security' '-O2' '-g' '-fexpensive-optimizations' '-frename-registers' '-ftree-vectorize' '-finline-functions' '-finline-limit=64' '-Wno-error=maybe-uninitialized' '-Wno-error=unused-result' '-v' '-o' 'CMakeFiles/cmTC_05cd1.dir/CMakeCXXCompilerABI.cpp.o' '-c' '-shared-libgcc' '-mlittle-endian' '-mabi=lp64']
  ignore line: [ /home/turbox/workspace/Flamingo/RB1_SDK/sysroots/x86_64-qtisdk-linux/usr/libexec/aarch64-oe-linux/gcc/aarch64-oe-linux/9.3.0/as -v -EL -march=armv8-a+crc -mabi=lp64 --noexecstack --noexecstack -o CMakeFiles/cmTC_05cd1.dir/CMakeCXXCompilerABI.cpp.o /tmp/ccmVMoWw.s]
  ignore line: [GNU assembler version 2.34.0 (aarch64-oe-linux) using BFD version (GNU Binutils) 2.34.0.20200220]
  ignore line: [COMPILER_PATH=/home/turbox/workspace/Flamingo/RB1_SDK/sysroots/x86_64-qtisdk-linux/usr/libexec/aarch64-oe-linux/gcc/aarch64-oe-linux/9.3.0/:/home/turbox/workspace/Flamingo/RB1_SDK/sysroots/x86_64-qtisdk-linux/usr/libexec/aarch64-oe-linux/gcc/aarch64-oe-linux/9.3.0/:/home/turbox/workspace/Flamingo/RB1_SDK/sysroots/x86_64-qtisdk-linux/usr/libexec/aarch64-oe-linux/gcc/aarch64-oe-linux/:/home/turbox/workspace/Flamingo/RB1_SDK/sysroots/x86_64-qtisdk-linux/usr/lib/aarch64-oe-linux/gcc/aarch64-oe-linux/9.3.0/:/home/turbox/workspace/Flamingo/RB1_SDK/sysroots/x86_64-qtisdk-linux/usr/lib/aarch64-oe-linux/gcc/aarch64-oe-linux/]
  ignore line: [LIBRARY_PATH=/home/turbox/workspace/Flamingo/RB1_SDK/sysroots/x86_64-qtisdk-linux/usr/lib/aarch64-oe-linux/gcc/aarch64-oe-linux/9.3.0/:/home/turbox/workspace/Flamingo/RB1_SDK/sysroots/aarch64-oe-linux/lib/:/home/turbox/workspace/Flamingo/RB1_SDK/sysroots/aarch64-oe-linux/usr/lib/aarch64-oe-linux/9.3.0/:/home/turbox/workspace/Flamingo/RB1_SDK/sysroots/aarch64-oe-linux/usr/lib/]
  ignore line: [COLLECT_GCC_OPTIONS='--sysroot=/home/turbox/workspace/Flamingo/RB1_SDK/sysroots/aarch64-oe-linux' '-march=armv8-a+crc' '-fstack-protector-strong' '-pie' '-fPIE' '-D' '_FORTIFY_SOURCE=2' '-Wformat=1' '-Wformat-security' '-Werror=format-security' '-O2' '-g' '-fexpensive-optimizations' '-frename-registers' '-ftree-vectorize' '-finline-functions' '-finline-limit=64' '-Wno-error=maybe-uninitialized' '-Wno-error=unused-result' '-v' '-o' 'CMakeFiles/cmTC_05cd1.dir/CMakeCXXCompilerABI.cpp.o' '-c' '-shared-libgcc' '-mlittle-endian' '-mabi=lp64']
  ignore line: [Linking CXX executable cmTC_05cd1]
  ignore line: [/home/turbox/workspace/Flamingo/RB1_SDK/sysroots/x86_64-qtisdk-linux/usr/bin/cmake -E cmake_link_script CMakeFiles/cmTC_05cd1.dir/link.txt --verbose=1]
  ignore line: [/home/turbox/workspace/Flamingo/RB1_SDK/sysroots/x86_64-qtisdk-linux/usr/bin/aarch64-oe-linux/aarch64-oe-linux-g++   -march=armv8-a+crc -fstack-protector-strong -pie -fPIE -D_FORTIFY_SOURCE=2 -Wa --noexecstack -Wformat -Wformat-security -Werror=format-security --sysroot=/home/turbox/workspace/Flamingo/RB1_SDK/sysroots/aarch64-oe-linux --sysroot=/home/turbox/workspace/Flamingo/RB1_SDK/sysroots/aarch64-oe-linux     -O2    -g -Wa --noexecstack -fexpensive-optimizations   -frename-registers -ftree-vectorize   -finline-functions -finline-limit=64   -Wno-error=maybe-uninitialized -Wno-error=unused-result      -Wl -O1 -Wl --hash-style=gnu -Wl --as-needed -Wl -z relro -z now -z noexecstack -v CMakeFiles/cmTC_05cd1.dir/CMakeCXXCompilerABI.cpp.o  -o cmTC_05cd1 ]
  ignore line: [Using built-in specs.]
  ignore line: [COLLECT_GCC=/home/turbox/workspace/Flamingo/RB1_SDK/sysroots/x86_64-qtisdk-linux/usr/bin/aarch64-oe-linux/aarch64-oe-linux-g++]
  ignore line: [COLLECT_LTO_WRAPPER=/home/turbox/workspace/Flamingo/RB1_SDK/sysroots/x86_64-qtisdk-linux/usr/libexec/aarch64-oe-linux/gcc/aarch64-oe-linux/9.3.0/lto-wrapper]
  ignore line: [Target: aarch64-oe-linux]
  ignore line: [Configured with: ../../../../../../work-shared/gcc-9.3.0-r0/gcc-9.3.0/configure --build=x86_64-linux --host=x86_64-qtisdk-linux --target=aarch64-oe-linux --prefix=/usr/local/oe-sdk-hardcoded-buildpath/sysroots/x86_64-qtisdk-linux/usr --exec_prefix=/usr/local/oe-sdk-hardcoded-buildpath/sysroots/x86_64-qtisdk-linux/usr --bindir=/usr/local/oe-sdk-hardcoded-buildpath/sysroots/x86_64-qtisdk-linux/usr/bin/aarch64-oe-linux --sbindir=/usr/local/oe-sdk-hardcoded-buildpath/sysroots/x86_64-qtisdk-linux/usr/bin/aarch64-oe-linux --libexecdir=/usr/local/oe-sdk-hardcoded-buildpath/sysroots/x86_64-qtisdk-linux/usr/libexec/aarch64-oe-linux --datadir=/usr/local/oe-sdk-hardcoded-buildpath/sysroots/x86_64-qtisdk-linux/usr/share --sysconfdir=/usr/local/oe-sdk-hardcoded-buildpath/sysroots/x86_64-qtisdk-linux/etc --sharedstatedir=/usr/local/oe-sdk-hardcoded-buildpath/sysroots/x86_64-qtisdk-linux/com --localstatedir=/usr/local/oe-sdk-hardcoded-buildpath/sysroots/x86_64-qtisdk-linux/var --libdir=/usr/local/oe-sdk-hardcoded-buildpath/sysroots/x86_64-qtisdk-linux/usr/lib/aarch64-oe-linux --includedir=/usr/local/oe-sdk-hardcoded-buildpath/sysroots/x86_64-qtisdk-linux/usr/include --oldincludedir=/usr/local/oe-sdk-hardcoded-buildpath/sysroots/x86_64-qtisdk-linux/usr/include --infodir=/usr/local/oe-sdk-hardcoded-buildpath/sysroots/x86_64-qtisdk-linux/usr/share/info --mandir=/usr/local/oe-sdk-hardcoded-buildpath/sysroots/x86_64-qtisdk-linux/usr/share/man --disable-silent-rules --disable-dependency-tracking --with-libtool-sysroot=/home/turbox/workspace/RB1/LE.UM.5.4.1/apps_proc/build-qti-distro-rb-debug/tmp-glibc/work/x86_64-nativesdk-qtisdk-linux/gcc-cross-canadian-aarch64/9.3.0-r0/recipe-sysroot --with-gnu-ld --enable-shared --enable-languages=c,c++,fortran --enable-threads=posix --enable-multilib --enable-default-pie --enable-c99 --enable-long-long --enable-symvers=gnu --enable-libstdcxx-pch --program-prefix=aarch64-oe-linux- --without-local-prefix --disable-install-libiberty --enable-lto --disable-libssp --enable-libitm --disable-bootstrap --disable-libmudflap --with-system-zlib --with-linker-hash-style=gnu --enable-linker-build-id --with-ppl=no --with-cloog=no --enable-checking=release --enable-cheaders=c_global --without-isl --with-gxx-include-dir=/not/exist/usr/include/c++/9.3.0 --with-build-time-tools=/home/turbox/workspace/RB1/LE.UM.5.4.1/apps_proc/build-qti-distro-rb-debug/tmp-glibc/work/x86_64-nativesdk-qtisdk-linux/gcc-cross-canadian-aarch64/9.3.0-r0/recipe-sysroot-native/usr/aarch64-oe-linux/bin --with-sysroot=/not/exist --with-build-sysroot=/home/turbox/workspace/RB1/LE.UM.5.4.1/apps_proc/build-qti-distro-rb-debug/tmp-glibc/work/x86_64-nativesdk-qtisdk-linux/gcc-cross-canadian-aarch64/9.3.0-r0/recipe-sysroot --enable-poison-system-directories --enable-nls --with-glibc-version=2.28 --enable-initfini-array --enable-__cxa_atexit]
  ignore line: [Thread model: posix]
  ignore line: [gcc version 9.3.0 (GCC) ]
  ignore line: [COMPILER_PATH=/home/turbox/workspace/Flamingo/RB1_SDK/sysroots/x86_64-qtisdk-linux/usr/libexec/aarch64-oe-linux/gcc/aarch64-oe-linux/9.3.0/:/home/turbox/workspace/Flamingo/RB1_SDK/sysroots/x86_64-qtisdk-linux/usr/libexec/aarch64-oe-linux/gcc/aarch64-oe-linux/9.3.0/:/home/turbox/workspace/Flamingo/RB1_SDK/sysroots/x86_64-qtisdk-linux/usr/libexec/aarch64-oe-linux/gcc/aarch64-oe-linux/:/home/turbox/workspace/Flamingo/RB1_SDK/sysroots/x86_64-qtisdk-linux/usr/lib/aarch64-oe-linux/gcc/aarch64-oe-linux/9.3.0/:/home/turbox/workspace/Flamingo/RB1_SDK/sysroots/x86_64-qtisdk-linux/usr/lib/aarch64-oe-linux/gcc/aarch64-oe-linux/]
  ignore line: [LIBRARY_PATH=/home/turbox/workspace/Flamingo/RB1_SDK/sysroots/x86_64-qtisdk-linux/usr/lib/aarch64-oe-linux/gcc/aarch64-oe-linux/9.3.0/:/home/turbox/workspace/Flamingo/RB1_SDK/sysroots/aarch64-oe-linux/lib/:/home/turbox/workspace/Flamingo/RB1_SDK/sysroots/aarch64-oe-linux/usr/lib/aarch64-oe-linux/9.3.0/:/home/turbox/workspace/Flamingo/RB1_SDK/sysroots/aarch64-oe-linux/usr/lib/]
  ignore line: [COLLECT_GCC_OPTIONS='--sysroot=/home/turbox/workspace/Flamingo/RB1_SDK/sysroots/aarch64-oe-linux' '-march=armv8-a+crc' '-fstack-protector-strong' '-pie' '-fPIE' '-D' '_FORTIFY_SOURCE=2' '-Wformat=1' '-Wformat-security' '-Werror=format-security' '-O2' '-g' '-fexpensive-optimizations' '-frename-registers' '-ftree-vectorize' '-finline-functions' '-finline-limit=64' '-Wno-error=maybe-uninitialized' '-Wno-error=unused-result' '-v' '-o' 'cmTC_05cd1' '-shared-libgcc' '-mlittle-endian' '-mabi=lp64']
  link line: [ /home/turbox/workspace/Flamingo/RB1_SDK/sysroots/x86_64-qtisdk-linux/usr/libexec/aarch64-oe-linux/gcc/aarch64-oe-linux/9.3.0/collect2 -plugin /home/turbox/workspace/Flamingo/RB1_SDK/sysroots/x86_64-qtisdk-linux/usr/libexec/aarch64-oe-linux/gcc/aarch64-oe-linux/9.3.0/liblto_plugin.so -plugin-opt=/home/turbox/workspace/Flamingo/RB1_SDK/sysroots/x86_64-qtisdk-linux/usr/libexec/aarch64-oe-linux/gcc/aarch64-oe-linux/9.3.0/lto-wrapper -plugin-opt=-fresolution=/tmp/cceJoAKV.res -plugin-opt=-pass-through=-lgcc_s -plugin-opt=-pass-through=-lgcc -plugin-opt=-pass-through=-lc -plugin-opt=-pass-through=-lgcc_s -plugin-opt=-pass-through=-lgcc --sysroot=/home/turbox/workspace/Flamingo/RB1_SDK/sysroots/aarch64-oe-linux --build-id --eh-frame-hdr --hash-style=gnu -dynamic-linker /lib/ld-linux-aarch64.so.1 -X -EL -maarch64linux -pie -o cmTC_05cd1 /home/turbox/workspace/Flamingo/RB1_SDK/sysroots/aarch64-oe-linux/usr/lib/Scrt1.o /home/turbox/workspace/Flamingo/RB1_SDK/sysroots/aarch64-oe-linux/usr/lib/crti.o /home/turbox/workspace/Flamingo/RB1_SDK/sysroots/aarch64-oe-linux/usr/lib/aarch64-oe-linux/9.3.0/crtbeginS.o -L/home/turbox/workspace/Flamingo/RB1_SDK/sysroots/x86_64-qtisdk-linux/usr/lib/aarch64-oe-linux/gcc/aarch64-oe-linux/9.3.0 -L/home/turbox/workspace/Flamingo/RB1_SDK/sysroots/aarch64-oe-linux/lib -L/home/turbox/workspace/Flamingo/RB1_SDK/sysroots/aarch64-oe-linux/usr/lib/aarch64-oe-linux/9.3.0 -L/home/turbox/workspace/Flamingo/RB1_SDK/sysroots/aarch64-oe-linux/usr/lib -O1 --hash-style=gnu --as-needed -z relro -z now -z noexecstack CMakeFiles/cmTC_05cd1.dir/CMakeCXXCompilerABI.cpp.o -lstdc++ -lm -lgcc_s -lgcc -lc -lgcc_s -lgcc /home/turbox/workspace/Flamingo/RB1_SDK/sysroots/aarch64-oe-linux/usr/lib/aarch64-oe-linux/9.3.0/crtendS.o /home/turbox/workspace/Flamingo/RB1_SDK/sysroots/aarch64-oe-linux/usr/lib/crtn.o]
    arg [/home/turbox/workspace/Flamingo/RB1_SDK/sysroots/x86_64-qtisdk-linux/usr/libexec/aarch64-oe-linux/gcc/aarch64-oe-linux/9.3.0/collect2] ==> ignore
    arg [-plugin] ==> ignore
    arg [/home/turbox/workspace/Flamingo/RB1_SDK/sysroots/x86_64-qtisdk-linux/usr/libexec/aarch64-oe-linux/gcc/aarch64-oe-linux/9.3.0/liblto_plugin.so] ==> ignore
    arg [-plugin-opt=/home/turbox/workspace/Flamingo/RB1_SDK/sysroots/x86_64-qtisdk-linux/usr/libexec/aarch64-oe-linux/gcc/aarch64-oe-linux/9.3.0/lto-wrapper] ==> ignore
    arg [-plugin-opt=-fresolution=/tmp/cceJoAKV.res] ==> ignore
    arg [-plugin-opt=-pass-through=-lgcc_s] ==> ignore
    arg [-plugin-opt=-pass-through=-lgcc] ==> ignore
    arg [-plugin-opt=-pass-through=-lc] ==> ignore
    arg [-plugin-opt=-pass-through=-lgcc_s] ==> ignore
    arg [-plugin-opt=-pass-through=-lgcc] ==> ignore
    arg [--sysroot=/home/turbox/workspace/Flamingo/RB1_SDK/sysroots/aarch64-oe-linux] ==> ignore
    arg [--build-id] ==> ignore
    arg [--eh-frame-hdr] ==> ignore
    arg [--hash-style=gnu] ==> ignore
    arg [-dynamic-linker] ==> ignore
    arg [/lib/ld-linux-aarch64.so.1] ==> ignore
    arg [-X] ==> ignore
    arg [-EL] ==> ignore
    arg [-maarch64linux] ==> ignore
    arg [-pie] ==> ignore
    arg [-o] ==> ignore
    arg [cmTC_05cd1] ==> ignore
    arg [/home/turbox/workspace/Flamingo/RB1_SDK/sysroots/aarch64-oe-linux/usr/lib/Scrt1.o] ==> ignore
    arg [/home/turbox/workspace/Flamingo/RB1_SDK/sysroots/aarch64-oe-linux/usr/lib/crti.o] ==> ignore
    arg [/home/turbox/workspace/Flamingo/RB1_SDK/sysroots/aarch64-oe-linux/usr/lib/aarch64-oe-linux/9.3.0/crtbeginS.o] ==> ignore
    arg [-L/home/turbox/workspace/Flamingo/RB1_SDK/sysroots/x86_64-qtisdk-linux/usr/lib/aarch64-oe-linux/gcc/aarch64-oe-linux/9.3.0] ==> dir [/home/turbox/workspace/Flamingo/RB1_SDK/sysroots/x86_64-qtisdk-linux/usr/lib/aarch64-oe-linux/gcc/aarch64-oe-linux/9.3.0]
    arg [-L/home/turbox/workspace/Flamingo/RB1_SDK/sysroots/aarch64-oe-linux/lib] ==> dir [/home/turbox/workspace/Flamingo/RB1_SDK/sysroots/aarch64-oe-linux/lib]
    arg [-L/home/turbox/workspace/Flamingo/RB1_SDK/sysroots/aarch64-oe-linux/usr/lib/aarch64-oe-linux/9.3.0] ==> dir [/home/turbox/workspace/Flamingo/RB1_SDK/sysroots/aarch64-oe-linux/usr/lib/aarch64-oe-linux/9.3.0]
    arg [-L/home/turbox/workspace/Flamingo/RB1_SDK/sysroots/aarch64-oe-linux/usr/lib] ==> dir [/home/turbox/workspace/Flamingo/RB1_SDK/sysroots/aarch64-oe-linux/usr/lib]
    arg [-O1] ==> ignore
    arg [--hash-style=gnu] ==> ignore
    arg [--as-needed] ==> ignore
    arg [-zrelro] ==> ignore
    arg [-znow] ==> ignore
    arg [-znoexecstack] ==> ignore
    arg [CMakeFiles/cmTC_05cd1.dir/CMakeCXXCompilerABI.cpp.o] ==> ignore
    arg [-lstdc++] ==> lib [stdc++]
    arg [-lm] ==> lib [m]
    arg [-lgcc_s] ==> lib [gcc_s]
    arg [-lgcc] ==> lib [gcc]
    arg [-lc] ==> lib [c]
    arg [-lgcc_s] ==> lib [gcc_s]
    arg [-lgcc] ==> lib [gcc]
    arg [/home/turbox/workspace/Flamingo/RB1_SDK/sysroots/aarch64-oe-linux/usr/lib/aarch64-oe-linux/9.3.0/crtendS.o] ==> ignore
    arg [/home/turbox/workspace/Flamingo/RB1_SDK/sysroots/aarch64-oe-linux/usr/lib/crtn.o] ==> ignore
  collapse library dir [/home/turbox/workspace/Flamingo/RB1_SDK/sysroots/x86_64-qtisdk-linux/usr/lib/aarch64-oe-linux/gcc/aarch64-oe-linux/9.3.0] ==> [/home/turbox/workspace/Flamingo/RB1_SDK/sysroots/x86_64-qtisdk-linux/usr/lib/aarch64-oe-linux/gcc/aarch64-oe-linux/9.3.0]
  collapse library dir [/home/turbox/workspace/Flamingo/RB1_SDK/sysroots/aarch64-oe-linux/lib] ==> [/home/turbox/workspace/Flamingo/RB1_SDK/sysroots/aarch64-oe-linux/lib]
  collapse library dir [/home/turbox/workspace/Flamingo/RB1_SDK/sysroots/aarch64-oe-linux/usr/lib/aarch64-oe-linux/9.3.0] ==> [/home/turbox/workspace/Flamingo/RB1_SDK/sysroots/aarch64-oe-linux/usr/lib/aarch64-oe-linux/9.3.0]
  collapse library dir [/home/turbox/workspace/Flamingo/RB1_SDK/sysroots/aarch64-oe-linux/usr/lib] ==> [/home/turbox/workspace/Flamingo/RB1_SDK/sysroots/aarch64-oe-linux/usr/lib]
  implicit libs: [stdc++;m;gcc_s;gcc;c;gcc_s;gcc]
  implicit dirs: [/home/turbox/workspace/Flamingo/RB1_SDK/sysroots/x86_64-qtisdk-linux/usr/lib/aarch64-oe-linux/gcc/aarch64-oe-linux/9.3.0;/home/turbox/workspace/Flamingo/RB1_SDK/sysroots/aarch64-oe-linux/lib;/home/turbox/workspace/Flamingo/RB1_SDK/sysroots/aarch64-oe-linux/usr/lib/aarch64-oe-linux/9.3.0;/home/turbox/workspace/Flamingo/RB1_SDK/sysroots/aarch64-oe-linux/usr/lib]
  implicit fwks: []


